2006-10-15 18:27:31,828 [12] INFO  DirectSports.Global [(null)] - Application startup.
2006-10-15 19:03:46,625 [12] WARN  DirectSports.Global [(null)] - Application shutdown.
2006-10-15 19:18:46,094 [11] INFO  DirectSports.Global [(null)] - Application startup.
2006-10-15 19:18:49,485 [11] INFO  DirectSports.requestcat [(null)] - <p>Direct Sports - Catalogue Request</p><p>Please send a catalogue for the following sports: </p>Basketball<br />Athletics<br />Cricket<br />Football<br />Rugby<br />Softball<br />Racketsports<br />Hockey<br />Netball<br /><p>Please send a the catalogue(s) to: </p><p>Richard Marriott<br />14 Whimberry Way<br />Withington<br />Manchester<br />m204sg<br />
2006-10-15 19:20:28,516 [11] WARN  DirectSports.Global [(null)] - Application shutdown.
2006-10-22 14:07:05,640 [4] INFO  DirectSports.Global [(null)] - Application startup.
2006-10-22 15:00:01,234 [6] WARN  DirectSports.Global [(null)] - Application shutdown.
2006-10-22 15:00:35,921 [6] INFO  DirectSports.Global [(null)] - Application startup.
2006-10-22 16:09:37,847 [6] WARN  DirectSports.Global [(null)] - Application shutdown.
2006-11-06 21:03:32,750 [4] INFO  DirectSports.Global [(null)] - Application startup.
2006-11-06 21:06:23,250 [4] WARN  DirectSports.Global [(null)] - Application shutdown.
2006-11-06 21:06:49,968 [4] INFO  DirectSports.Global [(null)] - Application startup.
2006-11-06 21:09:24,187 [4] WARN  DirectSports.Global [(null)] - Application shutdown.
2006-11-06 21:09:53,484 [4] INFO  DirectSports.Global [(null)] - Application startup.
2006-11-06 21:16:46,000 [8] WARN  DirectSports.Global [(null)] - Application shutdown.
2006-11-06 21:17:12,265 [8] INFO  DirectSports.Global [(null)] - Application startup.
2006-11-06 21:23:26,578 [11] WARN  DirectSports.Global [(null)] - Application shutdown.
2006-11-06 21:23:58,671 [11] INFO  DirectSports.Global [(null)] - Application startup.
2006-11-06 21:26:20,140 [8] WARN  DirectSports.Global [(null)] - Application shutdown.
2006-11-06 21:26:45,828 [8] INFO  DirectSports.Global [(null)] - Application startup.
2006-11-06 21:32:54,890 [12] WARN  DirectSports.Global [(null)] - Application shutdown.
2006-11-18 11:30:27,703 [4] INFO  DirectSports.Global [(null)] - Application startup.
2006-11-18 12:26:58,359 [4] WARN  DirectSports.Global [(null)] - Application shutdown.
2006-11-18 12:27:19,031 [4] INFO  DirectSports.Global [(null)] - Application startup.
2006-11-18 12:28:57,234 [4] WARN  DirectSports.Global [(null)] - Application shutdown.
2006-11-18 12:29:16,453 [4] INFO  DirectSports.Global [(null)] - Application startup.
2006-11-18 12:32:30,609 [4] WARN  DirectSports.Global [(null)] - Application shutdown.
2006-11-18 12:32:48,765 [4] INFO  DirectSports.Global [(null)] - Application startup.
2006-11-18 12:34:45,421 [4] WARN  DirectSports.Global [(null)] - Application shutdown.
2006-11-18 12:35:29,593 [4] INFO  DirectSports.Global [(null)] - Application startup.
2006-11-18 12:36:53,562 [4] INFO  DirectSports.Global [(null)] - Application startup.
2006-11-18 12:53:12,828 [8] WARN  DirectSports.Global [(null)] - Application shutdown.
2006-11-18 13:05:20,859 [9] INFO  DirectSports.Global [(null)] - Application startup.
2006-11-18 13:24:07,937 [10] WARN  DirectSports.Global [(null)] - Application shutdown.
2006-11-18 13:24:20,953 [10] INFO  DirectSports.Global [(null)] - Application startup.
2006-11-18 13:25:04,250 [9] WARN  DirectSports.Global [(null)] - Application shutdown.
2006-11-18 13:25:16,843 [9] INFO  DirectSports.Global [(null)] - Application startup.
2006-11-18 14:48:19,546 [9] WARN  DirectSports.Global [(null)] - Application shutdown.
2006-11-18 14:59:28,703 [11] INFO  DirectSports.Global [(null)] - Application startup.
2006-11-18 15:01:09,109 [11] WARN  DirectSports.Global [(null)] - Application shutdown.
2006-11-18 15:05:36,515 [4] INFO  DirectSports.Global [(null)] - Application startup.
2006-11-18 15:09:12,625 [4] WARN  DirectSports.Global [(null)] - Application shutdown.
2006-11-18 15:25:15,015 [5] INFO  DirectSports.Global [(null)] - Application startup.
2006-11-18 15:26:26,234 [4] WARN  DirectSports.Global [(null)] - Application shutdown.
2006-11-18 15:26:37,890 [4] INFO  DirectSports.Global [(null)] - Application startup.
2006-11-18 15:26:45,000 [4] WARN  DirectSports.Global [(null)] - Application shutdown.
2006-11-18 15:27:50,953 [4] INFO  DirectSports.Global [(null)] - Application startup.
2006-11-18 15:29:43,203 [9] WARN  DirectSports.Global [(null)] - Application shutdown.
2006-11-18 15:30:40,406 [6] INFO  DirectSports.Global [(null)] - Application startup.
2006-11-18 15:39:28,093 [4] WARN  DirectSports.Global [(null)] - Application shutdown.
2006-11-18 15:41:12,437 [9] INFO  DirectSports.Global [(null)] - Application startup.
2006-11-18 16:09:43,531 [9] WARN  DirectSports.Global [(null)] - Application shutdown.
2006-11-18 16:10:00,578 [9] INFO  DirectSports.Global [(null)] - Application startup.
2006-11-18 16:10:32,968 [9] WARN  DirectSports.Global [(null)] - Application shutdown.
2006-11-18 16:10:50,078 [9] INFO  DirectSports.Global [(null)] - Application startup.
2006-11-18 16:23:57,312 [11] WARN  DirectSports.Global [(null)] - Application shutdown.
2006-11-20 18:19:34,203 [5] INFO  DirectSports.Global [(null)] - Application startup.
2006-11-20 18:35:01,484 [10] WARN  DirectSports.Global [(null)] - Application shutdown.
2006-11-20 18:35:19,031 [10] INFO  DirectSports.Global [(null)] - Application startup.
2006-11-20 19:00:13,375 [5] WARN  DirectSports.Global [(null)] - Application shutdown.
2006-11-20 19:00:24,093 [5] INFO  DirectSports.Global [(null)] - Application startup.
2006-11-20 19:09:11,000 [5] WARN  DirectSports.Global [(null)] - Application shutdown.
2006-11-26 17:52:51,125 [5] INFO  DirectSports.Global [(null)] - Application startup.
2006-11-26 17:59:27,750 [4] WARN  DirectSports.Global [(null)] - Application shutdown.
2006-11-26 17:59:44,062 [4] INFO  DirectSports.Global [(null)] - Application startup.
2006-11-26 18:09:14,750 [4] INFO  DirectSports.Global [(null)] - Application startup.
2006-11-26 19:33:42,125 [4] WARN  DirectSports.Global [(null)] - Application shutdown.
2006-11-27 21:03:56,515 [4] INFO  DirectSports.Global [(null)] - Application startup.
2006-11-27 21:09:31,578 [9] WARN  DirectSports.Global [(null)] - Application shutdown.
2006-11-27 21:09:46,828 [9] INFO  DirectSports.Global [(null)] - Application startup.
2006-11-27 21:40:32,859 [9] WARN  DirectSports.Global [(null)] - Application shutdown.
2006-11-27 21:40:51,546 [9] INFO  DirectSports.Global [(null)] - Application startup.
2006-11-27 21:41:42,203 [4] WARN  DirectSports.Global [(null)] - Application shutdown.
2006-11-27 21:41:59,375 [4] INFO  DirectSports.Global [(null)] - Application startup.
2006-11-27 21:44:05,281 [9] WARN  DirectSports.Global [(null)] - Application shutdown.
2006-11-27 21:44:19,593 [9] INFO  DirectSports.Global [(null)] - Application startup.
2006-11-27 21:45:23,515 [4] WARN  DirectSports.Global [(null)] - Application shutdown.
2006-11-27 21:45:45,515 [4] INFO  DirectSports.Global [(null)] - Application startup.
2006-11-27 21:48:20,796 [4] INFO  DirectSports.Global [(null)] - Application startup.
2006-11-27 22:11:38,859 [4] WARN  DirectSports.Global [(null)] - Application shutdown.
2006-11-28 20:29:21,187 [5] INFO  DirectSports.Global [(null)] - Application startup.
2006-11-28 20:36:55,468 [4] WARN  DirectSports.Global [(null)] - Application shutdown.
2006-11-28 20:38:04,875 [4] INFO  DirectSports.Global [(null)] - Application startup.
2006-11-28 20:54:45,421 [5] WARN  DirectSports.Global [(null)] - Application shutdown.
2006-11-28 20:54:54,718 [5] INFO  DirectSports.Global [(null)] - Application startup.
2006-11-28 20:58:23,093 [4] WARN  DirectSports.Global [(null)] - Application shutdown.
2006-12-13 19:09:14,578 [4] INFO  DirectSports.Global [(null)] - Application startup.
2006-12-13 19:42:30,687 [8] WARN  DirectSports.Global [(null)] - Application shutdown.
2006-12-13 19:44:38,687 [8] INFO  DirectSports.Global [(null)] - Application startup.
2006-12-13 19:48:34,062 [4] INFO  DirectSports.requestcat [(null)] - <p>Direct Sports - Information Request</p><p>Please respond to the below customer request: </p><p>This is my request.<p>
2006-12-13 19:48:34,562 [4] ERROR HighVoltage.Mail.MailManager [(null)] - Error sending email: Mailbox unavailable. The server response was: 5.7.1 Unable to relay for webmaster@highvoltage.org.uk 
2006-12-13 19:48:34,562 [4] ERROR HighVoltage.Mail.MailManager [(null)] - Error sending email: Mailbox unavailable. The server response was: 5.7.1 Unable to relay for rrmarriott@hotmail.co.uk 
2006-12-13 19:49:42,125 [5] INFO  DirectSports.Global [(null)] - Application startup.
2006-12-13 19:50:15,203 [4] INFO  DirectSports.requestcat [(null)] - <p>Direct Sports - Information Request</p><p>Please respond to the below customer request: </p><p>This is my request.<p>
2006-12-13 19:50:49,531 [4] ERROR HighVoltage.Mail.MailManager [(null)] - Error sending email: Mailbox unavailable. The server response was: 5.7.1 Unable to relay for webmaster@highvoltage.org.uk 
2006-12-13 19:50:49,546 [4] ERROR HighVoltage.Mail.MailManager [(null)] - Error sending email: Mailbox unavailable. The server response was: 5.7.1 Unable to relay for rrmarriott@hotmail.co.uk 
2006-12-13 20:03:50,937 [4] WARN  DirectSports.Global [(null)] - Application shutdown.
2006-12-13 20:04:39,265 [4] INFO  DirectSports.Global [(null)] - Application startup.
2006-12-13 20:06:09,031 [9] WARN  DirectSports.Global [(null)] - Application shutdown.
2006-12-13 20:06:24,968 [9] INFO  DirectSports.Global [(null)] - Application startup.
2006-12-13 20:07:20,546 [11] WARN  DirectSports.Global [(null)] - Application shutdown.
2006-12-13 20:07:30,546 [11] INFO  DirectSports.Global [(null)] - Application startup.
2006-12-13 20:16:25,046 [11] WARN  DirectSports.Global [(null)] - Application shutdown.
2006-12-13 20:16:45,796 [11] INFO  DirectSports.Global [(null)] - Application startup.
2006-12-13 20:20:51,421 [11] WARN  DirectSports.Global [(null)] - Application shutdown.
2006-12-13 20:21:09,078 [11] INFO  DirectSports.Global [(null)] - Application startup.
2006-12-13 20:21:35,546 [11] WARN  DirectSports.Global [(null)] - Application shutdown.
2006-12-13 20:22:08,140 [11] INFO  DirectSports.Global [(null)] - Application startup.
2006-12-13 20:23:12,578 [11] WARN  DirectSports.Global [(null)] - Application shutdown.
2006-12-13 20:23:29,500 [11] INFO  DirectSports.Global [(null)] - Application startup.
2006-12-13 22:40:00,531 [4] WARN  DirectSports.Global [(null)] - Application shutdown.
2006-12-16 14:17:09,765 [4] INFO  DirectSports.Global [(null)] - Application startup.
2006-12-16 14:44:17,343 [3] WARN  DirectSports.Global [(null)] - Application shutdown.
2007-01-03 18:18:28,474 [4] INFO  DirectSports.Global [(null)] - Application startup.
2007-01-03 18:21:02,755 [4] WARN  DirectSports.Global [(null)] - Application shutdown.
2007-01-03 18:21:17,865 [4] INFO  DirectSports.Global [(null)] - Application startup.
2007-01-03 18:25:26,068 [8] WARN  DirectSports.Global [(null)] - Application shutdown.
2007-01-03 18:25:38,505 [8] INFO  DirectSports.Global [(null)] - Application startup.
2007-01-03 18:31:02,161 [8] WARN  DirectSports.Global [(null)] - Application shutdown.
2007-01-03 18:31:21,068 [13] INFO  DirectSports.Global [(null)] - Application startup.
2007-01-03 19:37:49,083 [8] WARN  DirectSports.Global [(null)] - Application shutdown.
2007-01-03 19:43:36,974 [9] INFO  DirectSports.Global [(null)] - Application startup.
2007-01-03 20:28:29,740 [9] WARN  DirectSports.Global [(null)] - Application shutdown.
2007-11-05 19:20:51,687 [5] INFO  DirectSports.Global [(null)] - Application startup.
2007-11-05 19:23:20,125 [4] WARN  DirectSports.Global [(null)] - Application shutdown.
2007-11-05 19:23:48,421 [4] INFO  DirectSports.Global [(null)] - Application startup.
2007-11-05 19:26:55,703 [4] WARN  DirectSports.Global [(null)] - Application shutdown.
2007-11-05 19:27:36,203 [4] INFO  DirectSports.Global [(null)] - Application startup.
2007-11-05 19:33:57,265 [4] WARN  DirectSports.Global [(null)] - Application shutdown.
2007-11-05 19:34:30,671 [4] INFO  DirectSports.Global [(null)] - Application startup.
2007-11-05 19:37:59,546 [4] WARN  DirectSports.Global [(null)] - Application shutdown.
2007-11-05 19:38:26,562 [4] INFO  DirectSports.Global [(null)] - Application startup.
2007-11-05 19:39:11,562 [10] WARN  DirectSports.Global [(null)] - Application shutdown.
2007-11-05 19:39:41,828 [10] INFO  DirectSports.Global [(null)] - Application startup.
2007-11-05 19:40:30,734 [8] WARN  DirectSports.Global [(null)] - Application shutdown.
2007-11-05 19:41:07,812 [8] INFO  DirectSports.Global [(null)] - Application startup.
2007-11-05 19:44:23,390 [8] WARN  DirectSports.Global [(null)] - Application shutdown.
2007-11-05 19:44:53,609 [8] INFO  DirectSports.Global [(null)] - Application startup.
2007-11-05 20:40:45,734 [10] WARN  DirectSports.Global [(null)] - Application shutdown.
2007-11-05 21:32:51,093 [9] INFO  DirectSports.Global [(null)] - Application startup.
2007-11-05 21:59:48,703 [9] WARN  DirectSports.Global [(null)] - Application shutdown.
2008-01-06 13:34:55,218 [1] INFO  DirectSports.Global [(null)] - Application startup.
2008-01-06 14:14:59,953 [6] WARN  DirectSports.Global [(null)] - Application shutdown.
2008-01-06 14:22:27,265 [1] INFO  DirectSports.Global [(null)] - Application startup.
2008-01-06 14:23:28,171 [1] INFO  DirectSports.Global [(null)] - Application startup.
2008-01-06 14:26:16,328 [1] INFO  DirectSports.Global [(null)] - Application startup.
2008-01-06 14:26:46,890 [1] INFO  DirectSports.Global [(null)] - Application startup.
2008-01-06 14:28:08,859 [1] INFO  DirectSports.Global [(null)] - Application startup.
2008-01-06 14:29:20,734 [1] INFO  DirectSports.Global [(null)] - Application startup.
2008-01-06 14:32:45,062 [1] INFO  DirectSports.Global [(null)] - Application startup.
2008-01-06 14:42:03,734 [1] INFO  DirectSports.Global [(null)] - Application startup.
2008-01-06 14:42:29,531 [6] WARN  DirectSports.Global [(null)] - Application shutdown.
2008-01-06 14:42:52,203 [1] INFO  DirectSports.Global [(null)] - Application startup.
2008-01-06 14:43:43,859 [6] WARN  DirectSports.Global [(null)] - Application shutdown.
2008-01-06 14:44:06,171 [1] INFO  DirectSports.Global [(null)] - Application startup.
2008-01-06 15:25:47,937 [6] WARN  DirectSports.Global [(null)] - Application shutdown.
2008-01-06 15:26:14,281 [1] INFO  DirectSports.Global [(null)] - Application startup.
2008-01-06 18:12:59,406 [6] WARN  DirectSports.Global [(null)] - Application shutdown.
2008-01-06 18:14:01,187 [1] INFO  DirectSports.Global [(null)] - Application startup.
2008-01-06 18:17:02,703 [6] WARN  DirectSports.Global [(null)] - Application shutdown.
2008-01-09 21:43:17,841 [1] INFO  DirectSports.Global [(null)] - Application startup.
2008-01-09 22:01:25,731 [5] WARN  DirectSports.Global [(null)] - Application shutdown.
2008-01-09 22:02:14,716 [1] INFO  DirectSports.Global [(null)] - Application startup.
2008-01-09 22:50:24,153 [5] WARN  DirectSports.Global [(null)] - Application shutdown.
2008-01-09 22:50:51,528 [1] INFO  DirectSports.Global [(null)] - Application startup.
2008-01-09 22:55:46,356 [5] WARN  DirectSports.Global [(null)] - Application shutdown.
2008-01-09 22:56:05,903 [1] INFO  DirectSports.Global [(null)] - Application startup.
2008-01-09 22:57:47,950 [5] WARN  DirectSports.Global [(null)] - Application shutdown.
2008-01-14 21:05:26,265 [1] INFO  DirectSports.Global [(null)] - Application startup.
2008-01-14 21:50:19,187 [5] WARN  DirectSports.Global [(null)] - Application shutdown.
2008-01-14 21:50:40,140 [1] INFO  DirectSports.Global [(null)] - Application startup.
2008-01-14 22:06:05,046 [5] WARN  DirectSports.Global [(null)] - Application shutdown.
2008-01-14 22:06:49,250 [1] INFO  DirectSports.Global [(null)] - Application startup.
2008-01-14 22:33:35,734 [5] WARN  DirectSports.Global [(null)] - Application shutdown.
2008-01-14 22:34:00,062 [1] INFO  DirectSports.Global [(null)] - Application startup.
2008-01-14 23:03:32,671 [5] WARN  DirectSports.Global [(null)] - Application shutdown.
2008-01-23 22:19:05,375 [1] INFO  DirectSports.Global [(null)] - Application startup.
2008-01-30 23:23:57,307 [6] WARN  DirectSports.Global [(null)] - Application shutdown.
2008-06-12 23:06:49,514 [1] INFO  DirectSports.Global [(null)] - Application startup.
2008-06-13 03:11:49,795 [8] WARN  DirectSports.Global [(null)] - Application shutdown.
2008-07-27 20:47:05,093 [1] INFO  DirectSports.Global [(null)] - Application startup.
2008-07-27 21:02:13,296 [5] WARN  DirectSports.Global [(null)] - Application shutdown.
2008-07-27 21:02:45,187 [1] INFO  DirectSports.Global [(null)] - Application startup.
2008-07-27 21:08:17,031 [5] WARN  DirectSports.Global [(null)] - Application shutdown.
2008-07-27 21:08:39,640 [1] INFO  DirectSports.Global [(null)] - Application startup.
2008-07-27 22:16:50,406 [5] WARN  DirectSports.Global [(null)] - Application shutdown.
2008-07-27 22:17:14,828 [1] INFO  DirectSports.Global [(null)] - Application startup.
2008-07-27 22:17:40,578 [5] WARN  DirectSports.Global [(null)] - Application shutdown.
2008-07-27 22:18:07,953 [1] INFO  DirectSports.Global [(null)] - Application startup.
2008-07-27 22:30:11,625 [5] WARN  DirectSports.Global [(null)] - Application shutdown.
2008-07-27 22:30:45,156 [9] INFO  DirectSports.Global [(null)] - Application startup.
2008-07-27 22:55:27,281 [5] WARN  DirectSports.Global [(null)] - Application shutdown.
